2018-03-11 19:29:36,428 [Worker-3] INFO  c.g.t.t.d.PublishedGradleVersions - Gradle version information cache is up-to-date. Trying to read.
2018-03-13 15:07:46,420 [Worker-6] INFO  c.g.t.t.d.PublishedGradleVersions - Gradle version information cache is out-of-date. Trying to update.
2018-03-20 15:04:43,933 [Worker-1] INFO  c.g.t.t.d.PublishedGradleVersions - Gradle version information cache is out-of-date. Trying to update.
2018-03-20 17:24:59,066 [Worker-6] INFO  c.g.t.t.d.PublishedGradleVersions - Gradle version information cache is up-to-date. Trying to read.
2018-03-20 19:59:56,817 [Worker-7] INFO  c.g.t.t.d.PublishedGradleVersions - Gradle version information cache is up-to-date. Trying to read.
2018-03-21 23:11:09,883 [Worker-5] INFO  c.g.t.t.d.PublishedGradleVersions - Gradle version information cache is out-of-date. Trying to update.
2018-03-22 20:49:07,374 [Worker-4] INFO  c.g.t.t.d.PublishedGradleVersions - Gradle version information cache is up-to-date. Trying to read.
2018-03-22 22:10:51,877 [Worker-6] INFO  c.g.t.t.d.PublishedGradleVersions - Gradle version information cache is up-to-date. Trying to read.
2018-03-22 22:58:52,773 [Worker-0] INFO  c.g.t.t.d.PublishedGradleVersions - Gradle version information cache is up-to-date. Trying to read.
2018-03-23 21:24:44,178 [Worker-6] INFO  c.g.t.t.d.PublishedGradleVersions - Gradle version information cache is out-of-date. Trying to update.
2018-03-27 05:08:34,721 [Worker-1] INFO  c.g.t.t.d.PublishedGradleVersions - Gradle version information cache is out-of-date. Trying to update.
2018-04-03 15:02:21,436 [Worker-1] INFO  c.g.t.t.d.PublishedGradleVersions - Gradle version information cache is out-of-date. Trying to update.
2018-04-10 15:06:39,498 [Worker-6] INFO  c.g.t.t.d.PublishedGradleVersions - Gradle version information cache is out-of-date. Trying to update.
2018-04-10 15:06:39,911 [Worker-6] INFO  c.g.t.t.d.PublishedGradleVersions - Updating Gradle version information cache failed. Using outdated cache.
2018-04-10 16:37:03,416 [Worker-5] INFO  c.g.t.t.d.PublishedGradleVersions - Gradle version information cache is out-of-date. Trying to update.
2018-04-11 18:51:15,799 [Worker-3] INFO  c.g.t.t.d.PublishedGradleVersions - Gradle version information cache is out-of-date. Trying to update.
2018-04-11 18:55:45,326 [Worker-3] INFO  c.g.t.t.d.PublishedGradleVersions - Gradle version information cache is up-to-date. Trying to read.
2018-04-17 02:16:37,491 [Worker-0] INFO  c.g.t.t.d.PublishedGradleVersions - Gradle version information cache is out-of-date. Trying to update.
2018-04-24 02:42:18,275 [Worker-1] INFO  c.g.t.t.d.PublishedGradleVersions - Gradle version information cache is out-of-date. Trying to update.
2018-05-08 14:16:42,570 [Worker-1] INFO  c.g.t.t.d.PublishedGradleVersions - Gradle version information cache is out-of-date. Trying to update.
2018-05-15 15:03:35,274 [Worker-2] INFO  c.g.t.t.d.PublishedGradleVersions - Gradle version information cache is out-of-date. Trying to update.
2018-05-16 16:20:13,022 [Worker-220] INFO  o.e.m.c.i.l.LifecycleMappingFactory - Using NULL lifecycle mapping for MavenProject: IEAS_K:IEAS_K:0.0.1-SNAPSHOT @ C:\Users\User\Downloads\KIEAS-master\KIEAS-master\IEAS_K\pom.xml.
2018-05-16 16:20:14,692 [Worker-220] INFO  o.e.m.c.i.e.AbstractTransferListenerAdapter - Downloading https://repo.maven.apache.org/maven2/rocks/xmpp/xmpp-core-client/0.7.3/xmpp-core-client-0.7.3.pom
2018-05-16 16:20:14,907 [Worker-220] INFO  o.e.m.c.i.e.AbstractTransferListenerAdapter - Downloaded https://repo.maven.apache.org/maven2/rocks/xmpp/xmpp-core-client/0.7.3/xmpp-core-client-0.7.3.pom
2018-05-16 16:20:15,926 [Worker-220] INFO  o.e.m.c.i.e.AbstractTransferListenerAdapter - Downloading https://repo.maven.apache.org/maven2/rocks/xmpp/root/0.7.3/root-0.7.3.pom
2018-05-16 16:20:16,211 [Worker-220] INFO  o.e.m.c.i.e.AbstractTransferListenerAdapter - Downloaded https://repo.maven.apache.org/maven2/rocks/xmpp/root/0.7.3/root-0.7.3.pom
2018-05-16 16:20:16,411 [Worker-220] INFO  o.e.m.c.i.e.AbstractTransferListenerAdapter - Downloading https://repo.maven.apache.org/maven2/rocks/xmpp/xmpp-core/0.7.3/xmpp-core-0.7.3.pom
2018-05-16 16:20:16,574 [Worker-220] INFO  o.e.m.c.i.e.AbstractTransferListenerAdapter - Downloaded https://repo.maven.apache.org/maven2/rocks/xmpp/xmpp-core/0.7.3/xmpp-core-0.7.3.pom
2018-05-16 16:20:16,660 [Worker-221] INFO  o.e.m.c.i.l.LifecycleMappingFactory - Using NULL lifecycle mapping for MavenProject: IEAS_K:IEAS_K:0.0.1-SNAPSHOT @ C:\Users\User\Downloads\KIEAS-master\KIEAS-master\IEAS_K\pom.xml.
2018-05-16 16:20:16,747 [Worker-220] INFO  o.e.m.c.i.e.AbstractTransferListenerAdapter - Downloading https://repo.maven.apache.org/maven2/rocks/xmpp/xmpp-addr/0.7.3/xmpp-addr-0.7.3.pom
2018-05-16 16:20:16,893 [Worker-220] INFO  o.e.m.c.i.e.AbstractTransferListenerAdapter - Downloaded https://repo.maven.apache.org/maven2/rocks/xmpp/xmpp-addr/0.7.3/xmpp-addr-0.7.3.pom
2018-05-16 16:20:17,082 [Worker-220] INFO  o.e.m.c.i.e.AbstractTransferListenerAdapter - Downloading https://repo.maven.apache.org/maven2/rocks/xmpp/precis/0.1.0/precis-0.1.0.pom
2018-05-16 16:20:17,276 [Worker-220] INFO  o.e.m.c.i.e.AbstractTransferListenerAdapter - Downloaded https://repo.maven.apache.org/maven2/rocks/xmpp/precis/0.1.0/precis-0.1.0.pom
2018-05-16 16:20:17,319 [Worker-221] INFO  o.e.m.c.i.e.AbstractTransferListenerAdapter - Downloading https://repo.maven.apache.org/maven2/rocks/xmpp/xmpp-addr/0.7.3/xmpp-addr-0.7.3.pom
2018-05-16 16:20:17,443 [Worker-220] INFO  o.e.m.c.i.e.AbstractTransferListenerAdapter - Downloading https://repo.maven.apache.org/maven2/org/apache/activemq/activemq-all/5.15.0/activemq-all-5.15.0.pom
2018-05-16 16:20:17,488 [Worker-221] INFO  o.e.m.c.i.e.AbstractTransferListenerAdapter - Downloaded https://repo.maven.apache.org/maven2/rocks/xmpp/xmpp-addr/0.7.3/xmpp-addr-0.7.3.pom
2018-05-16 16:20:17,619 [Worker-220] INFO  o.e.m.c.i.e.AbstractTransferListenerAdapter - Downloaded https://repo.maven.apache.org/maven2/org/apache/activemq/activemq-all/5.15.0/activemq-all-5.15.0.pom
2018-05-16 16:20:17,776 [Worker-220] INFO  o.e.m.c.i.e.AbstractTransferListenerAdapter - Downloading https://repo.maven.apache.org/maven2/org/apache/activemq/activemq-parent/5.15.0/activemq-parent-5.15.0.pom
2018-05-16 16:20:17,839 [Worker-221] INFO  o.e.m.c.i.e.AbstractTransferListenerAdapter - Downloading https://repo.maven.apache.org/maven2/org/apache/activemq/activemq-all/5.15.0/activemq-all-5.15.0.pom
2018-05-16 16:20:18,162 [Worker-220] INFO  o.e.m.c.i.e.AbstractTransferListenerAdapter - Downloaded https://repo.maven.apache.org/maven2/org/apache/activemq/activemq-parent/5.15.0/activemq-parent-5.15.0.pom
2018-05-16 16:20:18,220 [Worker-221] INFO  o.e.m.c.i.e.AbstractTransferListenerAdapter - Downloaded https://repo.maven.apache.org/maven2/org/apache/activemq/activemq-all/5.15.0/activemq-all-5.15.0.pom
2018-05-16 16:20:18,339 [Worker-220] INFO  o.e.m.c.i.e.AbstractTransferListenerAdapter - Downloading https://repo.maven.apache.org/maven2/org/apache/apache/18/apache-18.pom
2018-05-16 16:20:18,397 [Worker-221] INFO  o.e.m.c.i.e.AbstractTransferListenerAdapter - Downloading https://repo.maven.apache.org/maven2/org/apache/apache/18/apache-18.pom
2018-05-16 16:20:18,492 [Worker-220] INFO  o.e.m.c.i.e.AbstractTransferListenerAdapter - Downloaded https://repo.maven.apache.org/maven2/org/apache/apache/18/apache-18.pom
2018-05-16 16:20:18,609 [Worker-221] INFO  o.e.m.c.i.e.AbstractTransferListenerAdapter - Downloaded https://repo.maven.apache.org/maven2/org/apache/apache/18/apache-18.pom
2018-05-16 16:20:18,754 [Worker-220] INFO  o.e.m.c.i.e.AbstractTransferListenerAdapter - Downloading https://repo.maven.apache.org/maven2/org/apache/commons/commons-collections4/4.0/commons-collections4-4.0.pom
2018-05-16 16:20:18,904 [Worker-220] INFO  o.e.m.c.i.e.AbstractTransferListenerAdapter - Downloaded https://repo.maven.apache.org/maven2/org/apache/commons/commons-collections4/4.0/commons-collections4-4.0.pom
2018-05-16 16:20:19,427 [Worker-220] INFO  o.e.m.c.i.e.AbstractTransferListenerAdapter - Downloading https://repo.maven.apache.org/maven2/org/apache/commons/commons-parent/32/commons-parent-32.pom
2018-05-16 16:20:19,427 [Worker-221] INFO  o.e.m.c.i.e.AbstractTransferListenerAdapter - Downloading https://repo.maven.apache.org/maven2/org/apache/commons/commons-collections4/4.0/commons-collections4-4.0.pom
2018-05-16 16:20:19,576 [Worker-220] INFO  o.e.m.c.i.e.AbstractTransferListenerAdapter - Downloaded https://repo.maven.apache.org/maven2/org/apache/commons/commons-parent/32/commons-parent-32.pom
2018-05-16 16:20:19,590 [Worker-221] INFO  o.e.m.c.i.e.AbstractTransferListenerAdapter - Downloaded https://repo.maven.apache.org/maven2/org/apache/commons/commons-collections4/4.0/commons-collections4-4.0.pom
2018-05-16 16:20:19,751 [Worker-220] INFO  o.e.m.c.i.e.AbstractTransferListenerAdapter - Downloading https://repo.maven.apache.org/maven2/org/apache/apache/13/apache-13.pom
2018-05-16 16:20:19,778 [Worker-221] INFO  o.e.m.c.i.e.AbstractTransferListenerAdapter - Downloading https://repo.maven.apache.org/maven2/org/apache/apache/13/apache-13.pom
2018-05-16 16:20:19,908 [Worker-220] INFO  o.e.m.c.i.e.AbstractTransferListenerAdapter - Downloaded https://repo.maven.apache.org/maven2/org/apache/apache/13/apache-13.pom
2018-05-16 16:20:19,975 [Worker-221] INFO  o.e.m.c.i.e.AbstractTransferListenerAdapter - Downloaded https://repo.maven.apache.org/maven2/org/apache/apache/13/apache-13.pom
2018-05-16 16:20:20,091 [Worker-220] INFO  o.e.m.c.i.e.AbstractTransferListenerAdapter - Downloading https://repo.maven.apache.org/maven2/org/apache/commons/commons-dbcp2/2.1/commons-dbcp2-2.1.pom
2018-05-16 16:20:20,199 [Worker-221] INFO  o.e.m.c.i.e.AbstractTransferListenerAdapter - Downloading https://repo.maven.apache.org/maven2/org/apache/commons/commons-dbcp2/2.1/commons-dbcp2-2.1.pom
2018-05-16 16:20:20,236 [Worker-220] INFO  o.e.m.c.i.e.AbstractTransferListenerAdapter - Downloaded https://repo.maven.apache.org/maven2/org/apache/commons/commons-dbcp2/2.1/commons-dbcp2-2.1.pom
2018-05-16 16:20:20,367 [Worker-221] INFO  o.e.m.c.i.e.AbstractTransferListenerAdapter - Downloaded https://repo.maven.apache.org/maven2/org/apache/commons/commons-dbcp2/2.1/commons-dbcp2-2.1.pom
2018-05-16 16:20:20,518 [Worker-220] INFO  o.e.m.c.i.e.AbstractTransferListenerAdapter - Downloading https://repo.maven.apache.org/maven2/org/apache/commons/commons-parent/34/commons-parent-34.pom
2018-05-16 16:20:20,665 [Worker-220] INFO  o.e.m.c.i.e.AbstractTransferListenerAdapter - Downloaded https://repo.maven.apache.org/maven2/org/apache/commons/commons-parent/34/commons-parent-34.pom
2018-05-16 16:20:20,671 [Worker-221] INFO  o.e.m.c.i.e.AbstractTransferListenerAdapter - Downloading https://repo.maven.apache.org/maven2/org/apache/commons/commons-parent/34/commons-parent-34.pom
2018-05-16 16:20:20,833 [Worker-221] INFO  o.e.m.c.i.e.AbstractTransferListenerAdapter - Downloaded https://repo.maven.apache.org/maven2/org/apache/commons/commons-parent/34/commons-parent-34.pom
2018-05-16 16:20:20,837 [Worker-220] INFO  o.e.m.c.i.e.AbstractTransferListenerAdapter - Downloading https://repo.maven.apache.org/maven2/org/apache/commons/commons-pool2/2.3/commons-pool2-2.3.pom
2018-05-16 16:20:20,846 [Worker-221] WARN  o.e.m.c.i.embedder.EclipseLogger - The POM for org.apache.commons:commons-dbcp2:jar:2.1 is invalid, transitive dependencies (if any) will not be available, enable debug logging for more details
2018-05-16 16:20:20,992 [Worker-220] INFO  o.e.m.c.i.e.AbstractTransferListenerAdapter - Downloaded https://repo.maven.apache.org/maven2/org/apache/commons/commons-pool2/2.3/commons-pool2-2.3.pom
2018-05-16 16:20:21,019 [Worker-221] INFO  o.e.m.c.i.e.AbstractTransferListenerAdapter - Downloading https://repo.maven.apache.org/maven2/org/apache/commons/commons-pool2/2.4.2/commons-pool2-2.4.2.pom
2018-05-16 16:20:21,178 [Worker-220] INFO  o.e.m.c.i.e.AbstractTransferListenerAdapter - Downloading https://repo.maven.apache.org/maven2/commons-logging/commons-logging/1.2/commons-logging-1.2.pom
2018-05-16 16:20:21,216 [Worker-221] INFO  o.e.m.c.i.e.AbstractTransferListenerAdapter - Downloaded https://repo.maven.apache.org/maven2/org/apache/commons/commons-pool2/2.4.2/commons-pool2-2.4.2.pom
2018-05-16 16:20:21,234 [Worker-221] WARN  o.e.m.c.i.embedder.EclipseLogger - The POM for org.apache.commons:commons-pool2:jar:2.4.2 is invalid, transitive dependencies (if any) will not be available, enable debug logging for more details
2018-05-16 16:20:21,357 [Worker-220] INFO  o.e.m.c.i.e.AbstractTransferListenerAdapter - Downloaded https://repo.maven.apache.org/maven2/commons-logging/commons-logging/1.2/commons-logging-1.2.pom
2018-05-16 16:20:21,420 [Worker-221] INFO  o.e.m.c.i.e.AbstractTransferListenerAdapter - Downloading https://repo.maven.apache.org/maven2/org/json/org.json/chargebee-1.0/org.json-chargebee-1.0.pom
2018-05-16 16:20:21,542 [Worker-220] INFO  o.e.m.c.i.e.AbstractTransferListenerAdapter - Downloading https://repo.maven.apache.org/maven2/org/json/org.json/chargebee-1.0/org.json-chargebee-1.0.pom
2018-05-16 16:20:21,613 [Worker-221] INFO  o.e.m.c.i.e.AbstractTransferListenerAdapter - Downloaded https://repo.maven.apache.org/maven2/org/json/org.json/chargebee-1.0/org.json-chargebee-1.0.pom
2018-05-16 16:20:21,704 [Worker-220] INFO  o.e.m.c.i.e.AbstractTransferListenerAdapter - Downloaded https://repo.maven.apache.org/maven2/org/json/org.json/chargebee-1.0/org.json-chargebee-1.0.pom
2018-05-16 16:20:21,775 [Worker-221] INFO  o.e.m.c.i.e.AbstractTransferListenerAdapter - Downloading https://repo.maven.apache.org/maven2/org/sonatype/oss/oss-parent/7/oss-parent-7.pom
2018-05-16 16:20:21,858 [Worker-220] INFO  o.e.m.c.i.e.AbstractTransferListenerAdapter - Downloading https://repo.maven.apache.org/maven2/org/sonatype/oss/oss-parent/7/oss-parent-7.pom
2018-05-16 16:20:21,934 [Worker-221] INFO  o.e.m.c.i.e.AbstractTransferListenerAdapter - Downloaded https://repo.maven.apache.org/maven2/org/sonatype/oss/oss-parent/7/oss-parent-7.pom
2018-05-16 16:20:22,019 [Worker-220] INFO  o.e.m.c.i.e.AbstractTransferListenerAdapter - Downloaded https://repo.maven.apache.org/maven2/org/sonatype/oss/oss-parent/7/oss-parent-7.pom
2018-05-16 16:20:22,104 [Worker-221] INFO  o.e.m.c.i.e.AbstractTransferListenerAdapter - Downloading https://repo.maven.apache.org/maven2/javax/json/javax.json-api/1.0/javax.json-api-1.0.pom
2018-05-16 16:20:22,182 [Worker-220] INFO  o.e.m.c.i.e.AbstractTransferListenerAdapter - Downloading https://repo.maven.apache.org/maven2/javax/json/javax.json-api/1.0/javax.json-api-1.0.pom
2018-05-16 16:20:22,257 [Worker-221] INFO  o.e.m.c.i.e.AbstractTransferListenerAdapter - Downloaded https://repo.maven.apache.org/maven2/javax/json/javax.json-api/1.0/javax.json-api-1.0.pom
2018-05-16 16:20:22,328 [Worker-220] INFO  o.e.m.c.i.e.AbstractTransferListenerAdapter - Downloaded https://repo.maven.apache.org/maven2/javax/json/javax.json-api/1.0/javax.json-api-1.0.pom
2018-05-16 16:20:22,448 [Worker-221] INFO  o.e.m.c.i.e.AbstractTransferListenerAdapter - Downloading https://repo.maven.apache.org/maven2/org/glassfish/json/1.0/json-1.0.pom
2018-05-16 16:20:22,485 [Worker-220] INFO  o.e.m.c.i.e.AbstractTransferListenerAdapter - Downloading https://repo.maven.apache.org/maven2/org/glassfish/json/1.0/json-1.0.pom
2018-05-16 16:20:22,610 [Worker-221] INFO  o.e.m.c.i.e.AbstractTransferListenerAdapter - Downloaded https://repo.maven.apache.org/maven2/org/glassfish/json/1.0/json-1.0.pom
2018-05-16 16:20:22,638 [Worker-220] INFO  o.e.m.c.i.e.AbstractTransferListenerAdapter - Downloaded https://repo.maven.apache.org/maven2/org/glassfish/json/1.0/json-1.0.pom
2018-05-16 16:20:22,810 [Worker-221] INFO  o.e.m.c.i.e.AbstractTransferListenerAdapter - Downloading https://repo.maven.apache.org/maven2/net/java/jvnet-parent/3/jvnet-parent-3.pom
2018-05-16 16:20:22,831 [Worker-220] INFO  o.e.m.c.i.e.AbstractTransferListenerAdapter - Downloading https://repo.maven.apache.org/maven2/net/java/jvnet-parent/3/jvnet-parent-3.pom
2018-05-16 16:20:22,984 [Worker-221] INFO  o.e.m.c.i.e.AbstractTransferListenerAdapter - Downloaded https://repo.maven.apache.org/maven2/net/java/jvnet-parent/3/jvnet-parent-3.pom
2018-05-16 16:20:22,997 [Worker-220] INFO  o.e.m.c.i.e.AbstractTransferListenerAdapter - Downloaded https://repo.maven.apache.org/maven2/net/java/jvnet-parent/3/jvnet-parent-3.pom
2018-05-16 16:20:23,218 [Worker-220] INFO  o.e.m.c.i.e.AbstractTransferListenerAdapter - Downloading https://repo.maven.apache.org/maven2/rocks/xmpp/xmpp-core-client/0.7.3/xmpp-core-client-0.7.3.jar
2018-05-16 16:20:23,222 [Worker-221] INFO  o.e.m.c.i.e.AbstractTransferListenerAdapter - Downloading https://repo.maven.apache.org/maven2/rocks/xmpp/xmpp-core-client/0.7.3/xmpp-core-client-0.7.3.jar
2018-05-16 16:20:23,734 [Worker-220] INFO  o.e.m.c.i.e.AbstractTransferListenerAdapter - Downloaded https://repo.maven.apache.org/maven2/rocks/xmpp/xmpp-core-client/0.7.3/xmpp-core-client-0.7.3.jar
2018-05-16 16:20:23,885 [Worker-221] INFO  o.e.m.c.i.e.AbstractTransferListenerAdapter - Downloaded https://repo.maven.apache.org/maven2/rocks/xmpp/xmpp-core-client/0.7.3/xmpp-core-client-0.7.3.jar
2018-05-16 16:20:23,887 [Worker-220] INFO  o.e.m.c.i.e.AbstractTransferListenerAdapter - Downloading https://repo.maven.apache.org/maven2/rocks/xmpp/xmpp-core/0.7.3/xmpp-core-0.7.3.jar
2018-05-16 16:20:24,096 [Worker-221] INFO  o.e.m.c.i.e.AbstractTransferListenerAdapter - Downloading https://repo.maven.apache.org/maven2/rocks/xmpp/xmpp-core/0.7.3/xmpp-core-0.7.3.jar
2018-05-16 16:20:24,318 [Worker-220] INFO  o.e.m.c.i.e.AbstractTransferListenerAdapter - Downloaded https://repo.maven.apache.org/maven2/rocks/xmpp/xmpp-core/0.7.3/xmpp-core-0.7.3.jar
2018-05-16 16:20:24,505 [Worker-220] INFO  o.e.m.c.i.e.AbstractTransferListenerAdapter - Downloading https://repo.maven.apache.org/maven2/rocks/xmpp/xmpp-addr/0.7.3/xmpp-addr-0.7.3.jar
2018-05-16 16:20:24,649 [Worker-220] INFO  o.e.m.c.i.e.AbstractTransferListenerAdapter - Downloaded https://repo.maven.apache.org/maven2/rocks/xmpp/xmpp-addr/0.7.3/xmpp-addr-0.7.3.jar
2018-05-16 16:20:24,701 [Worker-221] INFO  o.e.m.c.i.e.AbstractTransferListenerAdapter - Downloaded https://repo.maven.apache.org/maven2/rocks/xmpp/xmpp-core/0.7.3/xmpp-core-0.7.3.jar
2018-05-16 16:20:24,812 [Worker-220] INFO  o.e.m.c.i.e.AbstractTransferListenerAdapter - Downloading https://repo.maven.apache.org/maven2/rocks/xmpp/precis/0.1.0/precis-0.1.0.jar
2018-05-16 16:20:24,867 [Worker-221] INFO  o.e.m.c.i.e.AbstractTransferListenerAdapter - Downloading https://repo.maven.apache.org/maven2/rocks/xmpp/xmpp-addr/0.7.3/xmpp-addr-0.7.3.jar
2018-05-16 16:20:24,956 [Worker-220] INFO  o.e.m.c.i.e.AbstractTransferListenerAdapter - Downloaded https://repo.maven.apache.org/maven2/rocks/xmpp/precis/0.1.0/precis-0.1.0.jar
2018-05-16 16:20:25,031 [Worker-221] INFO  o.e.m.c.i.e.AbstractTransferListenerAdapter - Downloaded https://repo.maven.apache.org/maven2/rocks/xmpp/xmpp-addr/0.7.3/xmpp-addr-0.7.3.jar
2018-05-16 16:20:25,097 [Worker-220] INFO  o.e.m.c.i.e.AbstractTransferListenerAdapter - Downloading https://repo.maven.apache.org/maven2/org/apache/activemq/activemq-all/5.15.0/activemq-all-5.15.0.jar
2018-05-16 16:20:25,365 [Worker-221] INFO  o.e.m.c.i.e.AbstractTransferListenerAdapter - Downloading https://repo.maven.apache.org/maven2/rocks/xmpp/precis/0.1.0/precis-0.1.0.jar
2018-05-16 16:20:25,525 [Worker-221] INFO  o.e.m.c.i.e.AbstractTransferListenerAdapter - Downloaded https://repo.maven.apache.org/maven2/rocks/xmpp/precis/0.1.0/precis-0.1.0.jar
2018-05-16 16:20:25,746 [Worker-221] INFO  o.e.m.c.i.e.AbstractTransferListenerAdapter - Downloading https://repo.maven.apache.org/maven2/org/apache/activemq/activemq-all/5.15.0/activemq-all-5.15.0.jar
2018-05-16 16:20:42,789 [Worker-220] INFO  o.e.m.c.i.e.AbstractTransferListenerAdapter - Downloaded https://repo.maven.apache.org/maven2/org/apache/activemq/activemq-all/5.15.0/activemq-all-5.15.0.jar
2018-05-16 16:20:43,089 [Worker-220] INFO  o.e.m.c.i.e.AbstractTransferListenerAdapter - Downloading https://repo.maven.apache.org/maven2/org/apache/commons/commons-collections4/4.0/commons-collections4-4.0.jar
2018-05-16 16:20:44,262 [Worker-220] INFO  o.e.m.c.i.e.AbstractTransferListenerAdapter - Downloaded https://repo.maven.apache.org/maven2/org/apache/commons/commons-collections4/4.0/commons-collections4-4.0.jar
2018-05-16 16:20:44,409 [Worker-220] INFO  o.e.m.c.i.e.AbstractTransferListenerAdapter - Downloading https://repo.maven.apache.org/maven2/org/apache/commons/commons-dbcp2/2.1/commons-dbcp2-2.1.jar
2018-05-16 16:20:44,949 [Worker-220] INFO  o.e.m.c.i.e.AbstractTransferListenerAdapter - Downloaded https://repo.maven.apache.org/maven2/org/apache/commons/commons-dbcp2/2.1/commons-dbcp2-2.1.jar
2018-05-16 16:20:45,115 [Worker-220] INFO  o.e.m.c.i.e.AbstractTransferListenerAdapter - Downloading https://repo.maven.apache.org/maven2/commons-logging/commons-logging/1.2/commons-logging-1.2.jar
2018-05-16 16:20:45,403 [Worker-220] INFO  o.e.m.c.i.e.AbstractTransferListenerAdapter - Downloaded https://repo.maven.apache.org/maven2/commons-logging/commons-logging/1.2/commons-logging-1.2.jar
2018-05-16 16:20:45,565 [Worker-220] INFO  o.e.m.c.i.e.AbstractTransferListenerAdapter - Downloading https://repo.maven.apache.org/maven2/org/apache/commons/commons-pool2/2.4.2/commons-pool2-2.4.2.jar
2018-05-16 16:20:45,847 [Worker-220] INFO  o.e.m.c.i.e.AbstractTransferListenerAdapter - Downloaded https://repo.maven.apache.org/maven2/org/apache/commons/commons-pool2/2.4.2/commons-pool2-2.4.2.jar
2018-05-16 16:20:46,015 [Worker-220] INFO  o.e.m.c.i.e.AbstractTransferListenerAdapter - Downloading https://repo.maven.apache.org/maven2/org/json/org.json/chargebee-1.0/org.json-chargebee-1.0.jar
2018-05-16 16:20:46,202 [Worker-220] INFO  o.e.m.c.i.e.AbstractTransferListenerAdapter - Downloaded https://repo.maven.apache.org/maven2/org/json/org.json/chargebee-1.0/org.json-chargebee-1.0.jar
2018-05-16 16:20:46,347 [Worker-220] INFO  o.e.m.c.i.e.AbstractTransferListenerAdapter - Downloading https://repo.maven.apache.org/maven2/javax/json/javax.json-api/1.0/javax.json-api-1.0.jar
2018-05-16 16:20:46,557 [Worker-220] INFO  o.e.m.c.i.e.AbstractTransferListenerAdapter - Downloaded https://repo.maven.apache.org/maven2/javax/json/javax.json-api/1.0/javax.json-api-1.0.jar
2018-05-16 16:20:50,894 [Worker-221] INFO  o.e.m.c.i.e.AbstractTransferListenerAdapter - Downloaded https://repo.maven.apache.org/maven2/org/apache/activemq/activemq-all/5.15.0/activemq-all-5.15.0.jar
2018-05-16 16:20:51,046 [Worker-221] INFO  o.e.m.c.i.e.AbstractTransferListenerAdapter - Downloading https://repo.maven.apache.org/maven2/org/apache/commons/commons-collections4/4.0/commons-collections4-4.0.jar
2018-05-16 16:20:52,198 [Worker-221] INFO  o.e.m.c.i.e.AbstractTransferListenerAdapter - Downloaded https://repo.maven.apache.org/maven2/org/apache/commons/commons-collections4/4.0/commons-collections4-4.0.jar
2018-05-16 16:20:52,348 [Worker-221] INFO  o.e.m.c.i.e.AbstractTransferListenerAdapter - Downloading https://repo.maven.apache.org/maven2/org/apache/commons/commons-dbcp2/2.1/commons-dbcp2-2.1.jar
2018-05-16 16:20:52,769 [Worker-221] INFO  o.e.m.c.i.e.AbstractTransferListenerAdapter - Downloaded https://repo.maven.apache.org/maven2/org/apache/commons/commons-dbcp2/2.1/commons-dbcp2-2.1.jar
2018-05-16 16:20:52,915 [Worker-221] INFO  o.e.m.c.i.e.AbstractTransferListenerAdapter - Downloading https://repo.maven.apache.org/maven2/org/apache/commons/commons-pool2/2.4.2/commons-pool2-2.4.2.jar
2018-05-16 16:20:53,222 [Worker-221] INFO  o.e.m.c.i.e.AbstractTransferListenerAdapter - Downloaded https://repo.maven.apache.org/maven2/org/apache/commons/commons-pool2/2.4.2/commons-pool2-2.4.2.jar
2018-05-16 16:20:53,380 [Worker-221] INFO  o.e.m.c.i.e.AbstractTransferListenerAdapter - Downloading https://repo.maven.apache.org/maven2/org/json/org.json/chargebee-1.0/org.json-chargebee-1.0.jar
2018-05-16 16:20:53,582 [Worker-221] INFO  o.e.m.c.i.e.AbstractTransferListenerAdapter - Downloaded https://repo.maven.apache.org/maven2/org/json/org.json/chargebee-1.0/org.json-chargebee-1.0.jar
2018-05-16 16:20:53,731 [Worker-221] INFO  o.e.m.c.i.e.AbstractTransferListenerAdapter - Downloading https://repo.maven.apache.org/maven2/javax/json/javax.json-api/1.0/javax.json-api-1.0.jar
2018-05-16 16:20:53,912 [Worker-221] INFO  o.e.m.c.i.e.AbstractTransferListenerAdapter - Downloaded https://repo.maven.apache.org/maven2/javax/json/javax.json-api/1.0/javax.json-api-1.0.jar
2018-05-16 16:20:54,049 [Worker-221] WARN  o.e.a.i.i.DefaultRepositoryEventDispatcher - Failed to dispatch repository event to org.eclipse.m2e.core.internal.embedder.EclipseRepositoryListener: null
2018-05-16 16:20:55,093 [Worker-220] INFO  o.e.m.c.i.l.LifecycleMappingFactory - Using NULL lifecycle mapping for MavenProject: IEAS_K:IEAS_K:0.0.1-SNAPSHOT @ C:\Users\User\Downloads\KIEAS-master\KIEAS-master\IEAS_K\pom.xml.
2018-05-16 16:20:55,187 [Worker-220] WARN  o.e.m.c.i.embedder.EclipseLogger - The POM for org.apache.commons:commons-dbcp2:jar:2.1 is invalid, transitive dependencies (if any) will not be available, enable debug logging for more details
2018-05-16 16:20:55,198 [Worker-220] WARN  o.e.m.c.i.embedder.EclipseLogger - The POM for org.apache.commons:commons-pool2:jar:2.4.2 is invalid, transitive dependencies (if any) will not be available, enable debug logging for more details
2018-05-16 16:20:57,343 [Worker-214] WARN  o.e.m.c.i.embedder.EclipseLogger - The POM for org.apache.commons:commons-dbcp2:jar:2.1 is invalid, transitive dependencies (if any) will not be available, enable debug logging for more details
2018-05-16 16:20:57,354 [Worker-214] WARN  o.e.m.c.i.embedder.EclipseLogger - The POM for org.apache.commons:commons-pool2:jar:2.4.2 is invalid, transitive dependencies (if any) will not be available, enable debug logging for more details
2018-05-16 22:54:55,550 [Worker-4] INFO  c.g.t.t.d.PublishedGradleVersions - Gradle version information cache is up-to-date. Trying to read.
2018-05-21 14:21:05,243 [Worker-1] INFO  c.g.t.t.d.PublishedGradleVersions - Gradle version information cache is out-of-date. Trying to update.
2018-05-22 01:05:23,977 [Worker-0] INFO  c.g.t.t.d.PublishedGradleVersions - Gradle version information cache is up-to-date. Trying to read.
